<?xml version="1.0" encoding="UTF-8"?>
<!-- Generated by org.testng.reporters.JUnitReportReporter -->
<testsuite hostname="DELL" failures="0" tests="7" name="testCases.RegistrationTest" time="38.177" errors="0" timestamp="2025-08-10T00:15:44 IST" skipped="0">
  <testcase classname="testCases.RegistrationTest" name="registrationInvalidData" time="5.556"/>
  <testcase classname="testCases.RegistrationTest" name="registrationValidData" time="5.160"/>
  <testcase classname="testCases.RegistrationTest" name="registrationValidData" time="6.057"/>
  <testcase classname="testCases.RegistrationTest" name="registrationInvalidData" time="4.692"/>
  <testcase classname="testCases.RegistrationTest" name="registrationInvalidData" time="5.441"/>
  <testcase classname="testCases.RegistrationTest" name="registrationValidData" time="5.377"/>
  <testcase classname="testCases.RegistrationTest" name="registrationInvalidData" time="5.894"/>
</testsuite> <!-- testCases.RegistrationTest -->
