<?xml version="1.0" encoding="UTF-8"?>
<!-- Generated by org.testng.reporters.JUnitReportReporter -->
<testsuite hostname="DELL" failures="0" tests="2" name="testCases.LoginTest" time="18.189" errors="0" timestamp="2025-08-10T00:15:44 IST" skipped="0">
  <testcase classname="testCases.LoginTest" name="login" time="12.911"/>
  <testcase classname="testCases.LoginTest" name="login" time="5.278"/>
</testsuite> <!-- testCases.LoginTest -->
